This file contains any messages produced by compilers while
running configure, to aid debugging if configure makes a mistake.

It was created by gmm configure 5.4, which was
generated by GNU Autoconf 2.69.  Invocation command line was

  $ ./configure --prefix=/home/ahdhn/mcflow/gmm-5.4/bin

## --------- ##
## Platform. ##
## --------- ##

hostname = daisy
uname -m = x86_64
uname -r = 4.15.0-47-generic
uname -s = Linux
uname -v = #50-Ubuntu SMP Wed Mar 13 10:44:52 UTC 2019

/usr/bin/uname -p = unknown
/bin/uname -X     = unknown

/bin/arch              = unknown
/usr/bin/arch -k       = unknown
/usr/convex/getsysinfo = unknown
/usr/bin/hostinfo      = unknown
/bin/machine           = unknown
/usr/bin/oslevel       = unknown
/bin/universe          = unknown

PATH: /home/tsaluru/anaconda3/bin
PATH: /usr/local/cuda-10.2/include
PATH: /usr/local/cuda-10.2/bin
PATH: /home/ahdhn/.vscode-server/bin/91899dcef7b8110878ea59626991a18c8a6a1b3e/bin
PATH: /home/ahdhn/.local/bin
PATH: /home/ahdhn/.conda/envs/my_env/bin
PATH: /opt/anaconda/condabin
PATH: /home/tsaluru/anaconda3/bin
PATH: /usr/local/cuda-10.2/include
PATH: /usr/local/cuda-10.2/bin
PATH: /usr/local/cuda/bin
PATH: /home/ahdhn/.vscode-server/bin/91899dcef7b8110878ea59626991a18c8a6a1b3e/bin
PATH: /usr/local/sbin
PATH: /usr/local/bin
PATH: /usr/sbin
PATH: /usr/bin
PATH: /sbin
PATH: /bin
PATH: /usr/games
PATH: /usr/local/games
PATH: /snap/bin


## ----------- ##
## Core tests. ##
## ----------- ##

configure:2419: checking for a BSD-compatible install
configure:2487: result: /usr/bin/install -c
configure:2498: checking whether build environment is sane
configure:2553: result: yes
configure:2694: checking for a thread-safe mkdir -p
configure:2733: result: /bin/mkdir -p
configure:2740: checking for gawk
configure:2770: result: no
configure:2740: checking for mawk
configure:2756: found /usr/bin/mawk
configure:2767: result: mawk
configure:2778: checking whether make sets $(MAKE)
configure:2800: result: yes
configure:2829: checking whether make supports nested variables
configure:2846: result: yes
configure:3033: checking for cxx
configure:3063: result: no
configure:3033: checking for KCC
configure:3063: result: no
configure:3033: checking for CC
configure:3063: result: no
configure:3033: checking for cc++
configure:3063: result: no
configure:3033: checking for xlC
configure:3063: result: no
configure:3033: checking for aCC
configure:3063: result: no
configure:3033: checking for g++
configure:3049: found /usr/bin/g++
configure:3060: result: g++
configure:3087: checking for C++ compiler version
configure:3096: g++ --version >&5
g++ (Ubuntu 7.4.0-1ubuntu1~18.04.1) 7.4.0
Copyright (C) 2017 Free Software Foundation, Inc.
This is free software; see the source for copying conditions.  There is NO
warranty; not even for MERCHANTABILITY or FITNESS FOR A PARTICULAR PURPOSE.

configure:3107: $? = 0
configure:3096: g++ -v >&5
Using built-in specs.
COLLECT_GCC=g++
COLLECT_LTO_WRAPPER=/usr/lib/gcc/x86_64-linux-gnu/7/lto-wrapper
OFFLOAD_TARGET_NAMES=nvptx-none
OFFLOAD_TARGET_DEFAULT=1
Target: x86_64-linux-gnu
Configured with: ../src/configure -v --with-pkgversion='Ubuntu 7.4.0-1ubuntu1~18.04.1' --with-bugurl=file:///usr/share/doc/gcc-7/README.Bugs --enable-languages=c,ada,c++,go,brig,d,fortran,objc,obj-c++ --prefix=/usr --with-gcc-major-version-only --program-suffix=-7 --program-prefix=x86_64-linux-gnu- --enable-shared --enable-linker-build-id --libexecdir=/usr/lib --without-included-gettext --enable-threads=posix --libdir=/usr/lib --enable-nls --with-sysroot=/ --enable-clocale=gnu --enable-libstdcxx-debug --enable-libstdcxx-time=yes --with-default-libstdcxx-abi=new --enable-gnu-unique-object --disable-vtable-verify --enable-libmpx --enable-plugin --enable-default-pie --with-system-zlib --with-target-system-zlib --enable-objc-gc=auto --enable-multiarch --disable-werror --with-arch-32=i686 --with-abi=m64 --with-multilib-list=m32,m64,mx32 --enable-multilib --with-tune=generic --enable-offload-targets=nvptx-none --without-cuda-driver --enable-checking=release --build=x86_64-linux-gnu --host=x86_64-linux-gnu --target=x86_64-linux-gnu
Thread model: posix
gcc version 7.4.0 (Ubuntu 7.4.0-1ubuntu1~18.04.1) 
configure:3107: $? = 0
configure:3096: g++ -V >&5
g++: error: unrecognized command line option '-V'
g++: fatal error: no input files
compilation terminated.
configure:3107: $? = 1
configure:3096: g++ -qversion >&5
g++: error: unrecognized command line option '-qversion'; did you mean '--version'?
g++: fatal error: no input files
compilation terminated.
configure:3107: $? = 1
configure:3127: checking whether the C++ compiler works
configure:3149: g++    conftest.cpp  >&5
configure:3153: $? = 0
configure:3201: result: yes
configure:3204: checking for C++ compiler default output file name
configure:3206: result: a.out
configure:3212: checking for suffix of executables
configure:3219: g++ -o conftest    conftest.cpp  >&5
configure:3223: $? = 0
configure:3245: result: 
configure:3267: checking whether we are cross compiling
configure:3275: g++ -o conftest    conftest.cpp  >&5
configure:3279: $? = 0
configure:3286: ./conftest
configure:3290: $? = 0
configure:3305: result: no
configure:3310: checking for suffix of object files
configure:3332: g++ -c   conftest.cpp >&5
configure:3336: $? = 0
configure:3357: result: o
configure:3361: checking whether we are using the GNU C++ compiler
configure:3380: g++ -c   conftest.cpp >&5
configure:3380: $? = 0
configure:3389: result: yes
configure:3398: checking whether g++ accepts -g
configure:3418: g++ -c -g  conftest.cpp >&5
configure:3418: $? = 0
configure:3459: result: yes
configure:3485: checking whether make supports the include directive
configure:3500: make -f confmf.GNU && cat confinc.out
this is the am__doit target
configure:3503: $? = 0
configure:3522: result: yes (GNU style)
configure:3547: checking dependency style of g++
configure:3658: result: gcc3
configure:3678: checking how to run the C++ preprocessor
configure:3705: g++ -E  conftest.cpp
configure:3705: $? = 0
configure:3719: g++ -E  conftest.cpp
conftest.cpp:11:10: fatal error: ac_nonexistent.h: No such file or directory
 #include <ac_nonexistent.h>
          ^~~~~~~~~~~~~~~~~~
compilation terminated.
configure:3719: $? = 1
configure: failed program was:
| /* confdefs.h */
| #define PACKAGE_NAME "gmm"
| #define PACKAGE_TARNAME "gmm"
| #define PACKAGE_VERSION "5.4"
| #define PACKAGE_STRING "gmm 5.4"
| #define PACKAGE_BUGREPORT ""
| #define PACKAGE_URL ""
| #define PACKAGE "gmm"
| #define VERSION "5.4"
| /* end confdefs.h.  */
| #include <ac_nonexistent.h>
configure:3744: result: g++ -E
configure:3764: g++ -E  conftest.cpp
configure:3764: $? = 0
configure:3778: g++ -E  conftest.cpp
conftest.cpp:11:10: fatal error: ac_nonexistent.h: No such file or directory
 #include <ac_nonexistent.h>
          ^~~~~~~~~~~~~~~~~~
compilation terminated.
configure:3778: $? = 1
configure: failed program was:
| /* confdefs.h */
| #define PACKAGE_NAME "gmm"
| #define PACKAGE_TARNAME "gmm"
| #define PACKAGE_VERSION "5.4"
| #define PACKAGE_STRING "gmm 5.4"
| #define PACKAGE_BUGREPORT ""
| #define PACKAGE_URL ""
| #define PACKAGE "gmm"
| #define VERSION "5.4"
| /* end confdefs.h.  */
| #include <ac_nonexistent.h>
configure:3823: checking whether the compiler recognizes the partial specialization syntax
configure:3849: g++ -c   conftest.cpp >&5
configure:3849: $? = 0
configure:3864: result: yes
configure:3875: checking build system type
configure:3889: result: x86_64-pc-linux-gnu
configure:3909: checking host system type
configure:3922: result: x86_64-pc-linux-gnu
configure:4165: checking how to print strings
configure:4192: result: printf
configure:4261: checking for gcc
configure:4277: found /usr/bin/gcc
configure:4288: result: gcc
configure:4517: checking for C compiler version
configure:4526: gcc --version >&5
gcc (Ubuntu 7.4.0-1ubuntu1~18.04.1) 7.4.0
Copyright (C) 2017 Free Software Foundation, Inc.
This is free software; see the source for copying conditions.  There is NO
warranty; not even for MERCHANTABILITY or FITNESS FOR A PARTICULAR PURPOSE.

configure:4537: $? = 0
configure:4526: gcc -v >&5
Using built-in specs.
COLLECT_GCC=gcc
COLLECT_LTO_WRAPPER=/usr/lib/gcc/x86_64-linux-gnu/7/lto-wrapper
OFFLOAD_TARGET_NAMES=nvptx-none
OFFLOAD_TARGET_DEFAULT=1
Target: x86_64-linux-gnu
Configured with: ../src/configure -v --with-pkgversion='Ubuntu 7.4.0-1ubuntu1~18.04.1' --with-bugurl=file:///usr/share/doc/gcc-7/README.Bugs --enable-languages=c,ada,c++,go,brig,d,fortran,objc,obj-c++ --prefix=/usr --with-gcc-major-version-only --program-suffix=-7 --program-prefix=x86_64-linux-gnu- --enable-shared --enable-linker-build-id --libexecdir=/usr/lib --without-included-gettext --enable-threads=posix --libdir=/usr/lib --enable-nls --with-sysroot=/ --enable-clocale=gnu --enable-libstdcxx-debug --enable-libstdcxx-time=yes --with-default-libstdcxx-abi=new --enable-gnu-unique-object --disable-vtable-verify --enable-libmpx --enable-plugin --enable-default-pie --with-system-zlib --with-target-system-zlib --enable-objc-gc=auto --enable-multiarch --disable-werror --with-arch-32=i686 --with-abi=m64 --with-multilib-list=m32,m64,mx32 --enable-multilib --with-tune=generic --enable-offload-targets=nvptx-none --without-cuda-driver --enable-checking=release --build=x86_64-linux-gnu --host=x86_64-linux-gnu --target=x86_64-linux-gnu
Thread model: posix
gcc version 7.4.0 (Ubuntu 7.4.0-1ubuntu1~18.04.1) 
configure:4537: $? = 0
configure:4526: gcc -V >&5
gcc: error: unrecognized command line option '-V'
gcc: fatal error: no input files
compilation terminated.
configure:4537: $? = 1
configure:4526: gcc -qversion >&5
gcc: error: unrecognized command line option '-qversion'; did you mean '--version'?
gcc: fatal error: no input files
compilation terminated.
configure:4537: $? = 1
configure:4541: checking whether we are using the GNU C compiler
configure:4560: gcc -c   conftest.c >&5
configure:4560: $? = 0
configure:4569: result: yes
configure:4578: checking whether gcc accepts -g
configure:4598: gcc -c -g  conftest.c >&5
configure:4598: $? = 0
configure:4639: result: yes
configure:4656: checking for gcc option to accept ISO C89
configure:4719: gcc  -c -g -O2  conftest.c >&5
configure:4719: $? = 0
configure:4732: result: none needed
configure:4757: checking whether gcc understands -c and -o together
configure:4779: gcc -c conftest.c -o conftest2.o
configure:4782: $? = 0
configure:4779: gcc -c conftest.c -o conftest2.o
configure:4782: $? = 0
configure:4794: result: yes
configure:4813: checking dependency style of gcc
configure:4924: result: gcc3
configure:4939: checking for a sed that does not truncate output
configure:5003: result: /bin/sed
configure:5021: checking for grep that handles long lines and -e
configure:5079: result: /bin/grep
configure:5084: checking for egrep
configure:5146: result: /bin/grep -E
configure:5151: checking for fgrep
configure:5213: result: /bin/grep -F
configure:5248: checking for ld used by gcc
configure:5315: result: /usr/bin/ld
configure:5322: checking if the linker (/usr/bin/ld) is GNU ld
configure:5337: result: yes
configure:5349: checking for BSD- or MS-compatible name lister (nm)
configure:5403: result: /usr/bin/nm -B
configure:5533: checking the name lister (/usr/bin/nm -B) interface
configure:5540: g++ -c  -ftemplate-depth-40 -pedantic -O3 -Wall -W -Wshadow -Wpointer-arith -Wcast-qual -Wwrite-strings -Wconversion -Wredundant-decls -Wno-long-long  conftest.cpp >&5
configure:5543: /usr/bin/nm -B "conftest.o"
configure:5546: output
0000000000000000 B some_variable
configure:5553: result: BSD nm
configure:5556: checking whether ln -s works
configure:5560: result: yes
configure:5568: checking the maximum length of command line arguments
configure:5699: result: 1572864
configure:5747: checking how to convert x86_64-pc-linux-gnu file names to x86_64-pc-linux-gnu format
configure:5787: result: func_convert_file_noop
configure:5794: checking how to convert x86_64-pc-linux-gnu file names to toolchain format
configure:5814: result: func_convert_file_noop
configure:5821: checking for /usr/bin/ld option to reload object files
configure:5828: result: -r
configure:5902: checking for objdump
configure:5918: found /usr/bin/objdump
configure:5929: result: objdump
configure:5961: checking how to recognize dependent libraries
configure:6161: result: pass_all
configure:6246: checking for dlltool
configure:6276: result: no
configure:6306: checking how to associate runtime and link libraries
configure:6333: result: printf %s\n
configure:6393: checking for ar
configure:6409: found /usr/bin/ar
configure:6420: result: ar
configure:6457: checking for archiver @FILE support
configure:6474: g++ -c  -ftemplate-depth-40 -pedantic -O3 -Wall -W -Wshadow -Wpointer-arith -Wcast-qual -Wwrite-strings -Wconversion -Wredundant-decls -Wno-long-long  conftest.cpp >&5
configure:6474: $? = 0
configure:6477: ar cru libconftest.a @conftest.lst >&5
ar: `u' modifier ignored since `D' is the default (see `U')
configure:6480: $? = 0
configure:6485: ar cru libconftest.a @conftest.lst >&5
ar: `u' modifier ignored since `D' is the default (see `U')
ar: conftest.o: No such file or directory
configure:6488: $? = 1
configure:6500: result: @
configure:6558: checking for strip
configure:6574: found /usr/bin/strip
configure:6585: result: strip
configure:6657: checking for ranlib
configure:6673: found /usr/bin/ranlib
configure:6684: result: ranlib
configure:6786: checking command to parse /usr/bin/nm -B output from gcc object
configure:6939: g++ -c  -ftemplate-depth-40 -pedantic -O3 -Wall -W -Wshadow -Wpointer-arith -Wcast-qual -Wwrite-strings -Wconversion -Wredundant-decls -Wno-long-long  conftest.cpp >&5
configure:6942: $? = 0
configure:6946: /usr/bin/nm -B conftest.o | sed -n -e 's/^.*[	 ]\([ABCDGIRSTW][ABCDGIRSTW]*\)[	 ][	 ]*\([_A-Za-z][_A-Za-z0-9]*\)$/\1 \2 \2/p' | sed '/ __gnu_lto/d' > conftest.nm
configure:7012: g++ -o conftest  -ftemplate-depth-40 -pedantic -O3 -Wall -W -Wshadow -Wpointer-arith -Wcast-qual -Wwrite-strings -Wconversion -Wredundant-decls -Wno-long-long   conftest.cpp conftstm.o >&5
configure:7015: $? = 0
configure:7053: result: ok
configure:7100: checking for sysroot
configure:7130: result: no
configure:7137: checking for a working dd
configure:7175: result: /bin/dd
configure:7179: checking how to truncate binary pipes
configure:7194: result: /bin/dd bs=4096 count=1
configure:7331: g++ -c  -ftemplate-depth-40 -pedantic -O3 -Wall -W -Wshadow -Wpointer-arith -Wcast-qual -Wwrite-strings -Wconversion -Wredundant-decls -Wno-long-long  conftest.cpp >&5
configure:7334: $? = 0
configure:7524: checking for mt
configure:7540: found /bin/mt
configure:7551: result: mt
configure:7574: checking if mt is a manifest tool
configure:7580: mt '-?'
configure:7588: result: no
configure:8265: checking how to run the C preprocessor
configure:8296: gcc -E  conftest.c
configure:8296: $? = 0
configure:8310: gcc -E  conftest.c
conftest.c:11:10: fatal error: ac_nonexistent.h: No such file or directory
 #include <ac_nonexistent.h>
          ^~~~~~~~~~~~~~~~~~
compilation terminated.
configure:8310: $? = 1
configure: failed program was:
| /* confdefs.h */
| #define PACKAGE_NAME "gmm"
| #define PACKAGE_TARNAME "gmm"
| #define PACKAGE_VERSION "5.4"
| #define PACKAGE_STRING "gmm 5.4"
| #define PACKAGE_BUGREPORT ""
| #define PACKAGE_URL ""
| #define PACKAGE "gmm"
| #define VERSION "5.4"
| /* end confdefs.h.  */
| #include <ac_nonexistent.h>
configure:8335: result: gcc -E
configure:8355: gcc -E  conftest.c
configure:8355: $? = 0
configure:8369: gcc -E  conftest.c
conftest.c:11:10: fatal error: ac_nonexistent.h: No such file or directory
 #include <ac_nonexistent.h>
          ^~~~~~~~~~~~~~~~~~
compilation terminated.
configure:8369: $? = 1
configure: failed program was:
| /* confdefs.h */
| #define PACKAGE_NAME "gmm"
| #define PACKAGE_TARNAME "gmm"
| #define PACKAGE_VERSION "5.4"
| #define PACKAGE_STRING "gmm 5.4"
| #define PACKAGE_BUGREPORT ""
| #define PACKAGE_URL ""
| #define PACKAGE "gmm"
| #define VERSION "5.4"
| /* end confdefs.h.  */
| #include <ac_nonexistent.h>
configure:8398: checking for ANSI C header files
configure:8418: gcc -c -g -O2  conftest.c >&5
configure:8418: $? = 0
configure:8491: gcc -o conftest -g -O2   conftest.c  >&5
configure:8491: $? = 0
configure:8491: ./conftest
configure:8491: $? = 0
configure:8502: result: yes
configure:8515: checking for sys/types.h
configure:8515: gcc -c -g -O2  conftest.c >&5
configure:8515: $? = 0
configure:8515: result: yes
configure:8515: checking for sys/stat.h
configure:8515: gcc -c -g -O2  conftest.c >&5
configure:8515: $? = 0
configure:8515: result: yes
configure:8515: checking for stdlib.h
configure:8515: gcc -c -g -O2  conftest.c >&5
configure:8515: $? = 0
configure:8515: result: yes
configure:8515: checking for string.h
configure:8515: gcc -c -g -O2  conftest.c >&5
configure:8515: $? = 0
configure:8515: result: yes
configure:8515: checking for memory.h
configure:8515: gcc -c -g -O2  conftest.c >&5
configure:8515: $? = 0
configure:8515: result: yes
configure:8515: checking for strings.h
configure:8515: gcc -c -g -O2  conftest.c >&5
configure:8515: $? = 0
configure:8515: result: yes
configure:8515: checking for inttypes.h
configure:8515: gcc -c -g -O2  conftest.c >&5
configure:8515: $? = 0
configure:8515: result: yes
configure:8515: checking for stdint.h
configure:8515: gcc -c -g -O2  conftest.c >&5
configure:8515: $? = 0
configure:8515: result: yes
configure:8515: checking for unistd.h
configure:8515: gcc -c -g -O2  conftest.c >&5
configure:8515: $? = 0
configure:8515: result: yes
configure:8529: checking for dlfcn.h
configure:8529: gcc -c -g -O2  conftest.c >&5
configure:8529: $? = 0
configure:8529: result: yes
configure:8765: checking for objdir
configure:8780: result: .libs
configure:9044: checking if gcc supports -fno-rtti -fno-exceptions
configure:9062: gcc -c -g -O2  -fno-rtti -fno-exceptions conftest.c >&5
cc1: warning: command line option '-fno-rtti' is valid for C++/ObjC++ but not for C
configure:9066: $? = 0
configure:9079: result: no
configure:9443: checking for gcc option to produce PIC
configure:9450: result: -fPIC -DPIC
configure:9458: checking if gcc PIC flag -fPIC -DPIC works
configure:9476: gcc -c -g -O2  -fPIC -DPIC -DPIC conftest.c >&5
configure:9480: $? = 0
configure:9493: result: yes
configure:9522: checking if gcc static flag -static works
configure:9550: result: yes
configure:9565: checking if gcc supports -c -o file.o
configure:9586: gcc -c -g -O2  -o out/conftest2.o conftest.c >&5
configure:9590: $? = 0
configure:9612: result: yes
configure:9620: checking if gcc supports -c -o file.o
configure:9667: result: yes
configure:9700: checking whether the gcc linker (/usr/bin/ld -m elf_x86_64) supports shared libraries
configure:10963: result: yes
configure:11000: checking whether -lc should be explicitly linked in
configure:11008: gcc -c -g -O2  conftest.c >&5
configure:11011: $? = 0
configure:11026: gcc -shared  -fPIC -DPIC conftest.o  -v -Wl,-soname -Wl,conftest -o conftest 2\>\&1 \| /bin/grep  -lc  \>/dev/null 2\>\&1
configure:11029: $? = 0
configure:11043: result: no
configure:11203: checking dynamic linker characteristics
configure:11784: gcc -o conftest -g -O2   -Wl,-rpath -Wl,/foo conftest.c  >&5
configure:11784: $? = 0
configure:12033: result: GNU/Linux ld.so
configure:12155: checking how to hardcode library paths into programs
configure:12180: result: immediate
configure:12728: checking whether stripping libraries is possible
configure:12733: result: yes
configure:12768: checking if libtool supports shared libraries
configure:12770: result: yes
configure:12773: checking whether to build shared libraries
configure:12798: result: yes
configure:12801: checking whether to build static libraries
configure:12805: result: yes
configure:12828: checking how to run the C++ preprocessor
configure:12894: result: g++ -E
configure:12914: g++ -E  conftest.cpp
configure:12914: $? = 0
configure:12928: g++ -E  conftest.cpp
conftest.cpp:23:10: fatal error: ac_nonexistent.h: No such file or directory
 #include <ac_nonexistent.h>
          ^~~~~~~~~~~~~~~~~~
compilation terminated.
configure:12928: $? = 1
configure: failed program was:
| /* confdefs.h */
| #define PACKAGE_NAME "gmm"
| #define PACKAGE_TARNAME "gmm"
| #define PACKAGE_VERSION "5.4"
| #define PACKAGE_STRING "gmm 5.4"
| #define PACKAGE_BUGREPORT ""
| #define PACKAGE_URL ""
| #define PACKAGE "gmm"
| #define VERSION "5.4"
| #define STDC_HEADERS 1
| #define HAVE_SYS_TYPES_H 1
| #define HAVE_SYS_STAT_H 1
| #define HAVE_STDLIB_H 1
| #define HAVE_STRING_H 1
| #define HAVE_MEMORY_H 1
| #define HAVE_STRINGS_H 1
| #define HAVE_INTTYPES_H 1
| #define HAVE_STDINT_H 1
| #define HAVE_UNISTD_H 1
| #define HAVE_DLFCN_H 1
| #define LT_OBJDIR ".libs/"
| /* end confdefs.h.  */
| #include <ac_nonexistent.h>
configure:13090: checking for ld used by g++
configure:13157: result: /usr/bin/ld -m elf_x86_64
configure:13164: checking if the linker (/usr/bin/ld -m elf_x86_64) is GNU ld
configure:13179: result: yes
configure:13234: checking whether the g++ linker (/usr/bin/ld -m elf_x86_64) supports shared libraries
configure:14307: result: yes
configure:14343: g++ -c  -ftemplate-depth-40 -pedantic -O3 -Wall -W -Wshadow -Wpointer-arith -Wcast-qual -Wwrite-strings -Wconversion -Wredundant-decls -Wno-long-long  conftest.cpp >&5
configure:14346: $? = 0
configure:14827: checking for g++ option to produce PIC
configure:14834: result: -fPIC -DPIC
configure:14842: checking if g++ PIC flag -fPIC -DPIC works
configure:14860: g++ -c  -ftemplate-depth-40 -pedantic -O3 -Wall -W -Wshadow -Wpointer-arith -Wcast-qual -Wwrite-strings -Wconversion -Wredundant-decls -Wno-long-long  -fPIC -DPIC -DPIC conftest.cpp >&5
configure:14864: $? = 0
configure:14877: result: yes
configure:14900: checking if g++ static flag -static works
configure:14928: result: yes
configure:14940: checking if g++ supports -c -o file.o
configure:14961: g++ -c  -ftemplate-depth-40 -pedantic -O3 -Wall -W -Wshadow -Wpointer-arith -Wcast-qual -Wwrite-strings -Wconversion -Wredundant-decls -Wno-long-long  -o out/conftest2.o conftest.cpp >&5
configure:14965: $? = 0
configure:14987: result: yes
configure:14992: checking if g++ supports -c -o file.o
configure:15039: result: yes
configure:15069: checking whether the g++ linker (/usr/bin/ld -m elf_x86_64) supports shared libraries
configure:15112: result: yes
configure:15253: checking dynamic linker characteristics
configure:16010: result: GNU/Linux ld.so
configure:16075: checking how to hardcode library paths into programs
configure:16100: result: immediate
configure:16166: checking sys/times.h usability
configure:16166: g++ -c  -ftemplate-depth-40 -pedantic -O3 -Wall -W -Wshadow -Wpointer-arith -Wcast-qual -Wwrite-strings -Wconversion -Wredundant-decls -Wno-long-long  conftest.cpp >&5
configure:16166: $? = 0
configure:16166: result: yes
configure:16166: checking sys/times.h presence
configure:16166: g++ -E  conftest.cpp
configure:16166: $? = 0
configure:16166: result: yes
configure:16166: checking for sys/times.h
configure:16166: result: yes
configure:16214: checking that generated files are newer than configure
configure:16220: result: done
configure:16247: creating ./config.status

## ---------------------- ##
## Running config.status. ##
## ---------------------- ##

This file was extended by gmm config.status 5.4, which was
generated by GNU Autoconf 2.69.  Invocation command line was

  CONFIG_FILES    = 
  CONFIG_HEADERS  = 
  CONFIG_LINKS    = 
  CONFIG_COMMANDS = 
  $ ./config.status 

on daisy

config.status:1161: creating Makefile
config.status:1161: creating tests/Makefile
config.status:1161: creating include/Makefile
config.status:1161: creating gmm-config
config.status:1269: WARNING:  'gmm-config.in' seems to ignore the --datarootdir setting
config.status:1161: creating config.h
config.status:1390: executing src/gmm/gmm_arch_config.h commands
config.status:1428: creating src/gmm/gmm_arch_config.h - prefix GMM for config.h defines
config.status:1390: executing depfiles commands
config.status:1557: cd tests       && sed -e '/# am--include-marker/d' Makefile         | make -f - am--depfiles
config.status:1562: $? = 0
config.status:1390: executing libtool commands

## ---------------- ##
## Cache variables. ##
## ---------------- ##

ac_cv_build=x86_64-pc-linux-gnu
ac_cv_c_compiler_gnu=yes
ac_cv_cxx_compiler_gnu=yes
ac_cv_cxx_partial_specialization_syntax=yes
ac_cv_env_CCC_set=
ac_cv_env_CCC_value=
ac_cv_env_CC_set=
ac_cv_env_CC_value=
ac_cv_env_CFLAGS_set=
ac_cv_env_CFLAGS_value=
ac_cv_env_CPPFLAGS_set=
ac_cv_env_CPPFLAGS_value=
ac_cv_env_CPP_set=
ac_cv_env_CPP_value=
ac_cv_env_CXXCPP_set=
ac_cv_env_CXXCPP_value=
ac_cv_env_CXXFLAGS_set=
ac_cv_env_CXXFLAGS_value=
ac_cv_env_CXX_set=
ac_cv_env_CXX_value=
ac_cv_env_LDFLAGS_set=
ac_cv_env_LDFLAGS_value=
ac_cv_env_LIBS_set=
ac_cv_env_LIBS_value=
ac_cv_env_LT_SYS_LIBRARY_PATH_set=
ac_cv_env_LT_SYS_LIBRARY_PATH_value=
ac_cv_env_build_alias_set=
ac_cv_env_build_alias_value=
ac_cv_env_host_alias_set=
ac_cv_env_host_alias_value=
ac_cv_env_target_alias_set=
ac_cv_env_target_alias_value=
ac_cv_header_dlfcn_h=yes
ac_cv_header_inttypes_h=yes
ac_cv_header_memory_h=yes
ac_cv_header_stdc=yes
ac_cv_header_stdint_h=yes
ac_cv_header_stdlib_h=yes
ac_cv_header_string_h=yes
ac_cv_header_strings_h=yes
ac_cv_header_sys_stat_h=yes
ac_cv_header_sys_times_h=yes
ac_cv_header_sys_types_h=yes
ac_cv_header_unistd_h=yes
ac_cv_host=x86_64-pc-linux-gnu
ac_cv_objext=o
ac_cv_path_EGREP='/bin/grep -E'
ac_cv_path_FGREP='/bin/grep -F'
ac_cv_path_GREP=/bin/grep
ac_cv_path_SED=/bin/sed
ac_cv_path_install='/usr/bin/install -c'
ac_cv_path_lt_DD=/bin/dd
ac_cv_path_mkdir=/bin/mkdir
ac_cv_prog_AWK=mawk
ac_cv_prog_CPP='gcc -E'
ac_cv_prog_CXXCPP='g++ -E'
ac_cv_prog_ac_ct_AR=ar
ac_cv_prog_ac_ct_CC=gcc
ac_cv_prog_ac_ct_CXX=g++
ac_cv_prog_ac_ct_MANIFEST_TOOL=mt
ac_cv_prog_ac_ct_OBJDUMP=objdump
ac_cv_prog_ac_ct_RANLIB=ranlib
ac_cv_prog_ac_ct_STRIP=strip
ac_cv_prog_cc_c89=
ac_cv_prog_cc_g=yes
ac_cv_prog_cxx_g=yes
ac_cv_prog_make_make_set=yes
am_cv_CC_dependencies_compiler_type=gcc3
am_cv_CXX_dependencies_compiler_type=gcc3
am_cv_make_support_nested_variables=yes
am_cv_prog_cc_c_o=yes
lt_cv_ar_at_file=@
lt_cv_archive_cmds_need_lc=no
lt_cv_deplibs_check_method=pass_all
lt_cv_file_magic_cmd='$MAGIC_CMD'
lt_cv_file_magic_test_file=
lt_cv_ld_reload_flag=-r
lt_cv_nm_interface='BSD nm'
lt_cv_objdir=.libs
lt_cv_path_LD=/usr/bin/ld
lt_cv_path_LDCXX='/usr/bin/ld -m elf_x86_64'
lt_cv_path_NM='/usr/bin/nm -B'
lt_cv_path_mainfest_tool=no
lt_cv_prog_compiler_c_o=yes
lt_cv_prog_compiler_c_o_CXX=yes
lt_cv_prog_compiler_pic='-fPIC -DPIC'
lt_cv_prog_compiler_pic_CXX='-fPIC -DPIC'
lt_cv_prog_compiler_pic_works=yes
lt_cv_prog_compiler_pic_works_CXX=yes
lt_cv_prog_compiler_rtti_exceptions=no
lt_cv_prog_compiler_static_works=yes
lt_cv_prog_compiler_static_works_CXX=yes
lt_cv_prog_gnu_ld=yes
lt_cv_prog_gnu_ldcxx=yes
lt_cv_sharedlib_from_linklib_cmd='printf %s\n'
lt_cv_shlibpath_overrides_runpath=yes
lt_cv_sys_global_symbol_pipe='sed -n -e '\''s/^.*[	 ]\([ABCDGIRSTW][ABCDGIRSTW]*\)[	 ][	 ]*\([_A-Za-z][_A-Za-z0-9]*\)$/\1 \2 \2/p'\'' | sed '\''/ __gnu_lto/d'\'''
lt_cv_sys_global_symbol_to_c_name_address='sed -n -e '\''s/^: \(.*\) .*$/  {"\1", (void *) 0},/p'\'' -e '\''s/^[ABCDGIRSTW][ABCDGIRSTW]* .* \(.*\)$/  {"\1", (void *) \&\1},/p'\'''
lt_cv_sys_global_symbol_to_c_name_address_lib_prefix='sed -n -e '\''s/^: \(.*\) .*$/  {"\1", (void *) 0},/p'\'' -e '\''s/^[ABCDGIRSTW][ABCDGIRSTW]* .* \(lib.*\)$/  {"\1", (void *) \&\1},/p'\'' -e '\''s/^[ABCDGIRSTW][ABCDGIRSTW]* .* \(.*\)$/  {"lib\1", (void *) \&\1},/p'\'''
lt_cv_sys_global_symbol_to_cdecl='sed -n -e '\''s/^T .* \(.*\)$/extern int \1();/p'\'' -e '\''s/^[ABCDGIRSTW][ABCDGIRSTW]* .* \(.*\)$/extern char \1;/p'\'''
lt_cv_sys_global_symbol_to_import=
lt_cv_sys_max_cmd_len=1572864
lt_cv_to_host_file_cmd=func_convert_file_noop
lt_cv_to_tool_file_cmd=func_convert_file_noop
lt_cv_truncate_bin='/bin/dd bs=4096 count=1'

## ----------------- ##
## Output variables. ##
## ----------------- ##

ACLOCAL='${SHELL} /home/ahdhn/mcflow/gmm-5.4/missing aclocal-1.16'
AMDEPBACKSLASH='\'
AMDEP_FALSE='#'
AMDEP_TRUE=''
AMTAR='$${TAR-tar}'
AM_BACKSLASH='\'
AM_CXXFLAGS=''
AM_DEFAULT_V='$(AM_DEFAULT_VERBOSITY)'
AM_DEFAULT_VERBOSITY='1'
AM_V='$(V)'
AR='ar'
AUTOCONF='${SHELL} /home/ahdhn/mcflow/gmm-5.4/missing autoconf'
AUTOHEADER='${SHELL} /home/ahdhn/mcflow/gmm-5.4/missing autoheader'
AUTOMAKE='${SHELL} /home/ahdhn/mcflow/gmm-5.4/missing automake-1.16'
AWK='mawk'
BUILDDATE='08/09/20,18:33:33'
BUILDER='ahdhn'
CC='gcc'
CCDEPMODE='depmode=gcc3'
CFLAGS='-g -O2'
CONFIGURE_ARGS=' '\''--prefix=/home/ahdhn/mcflow/gmm-5.4/bin'\'''
CPP='gcc -E'
CPPFLAGS=''
CXX='g++'
CXXCPP='g++ -E'
CXXDEPMODE='depmode=gcc3'
CXXFLAGS=' -ftemplate-depth-40 -pedantic -O3 -Wall -W -Wshadow -Wpointer-arith -Wcast-qual -Wwrite-strings -Wconversion -Wredundant-decls -Wno-long-long'
CYGPATH_W='echo'
DEFS='-DHAVE_CONFIG_H'
DEPDIR='.deps'
DLLTOOL='false'
DSYMUTIL=''
DUMPBIN=''
ECHO_C=''
ECHO_N='-n'
ECHO_T=''
EGREP='/bin/grep -E'
EXEEXT=''
FGREP='/bin/grep -F'
GREP='/bin/grep'
INSTALL_DATA='${INSTALL} -m 644'
INSTALL_PROGRAM='${INSTALL}'
INSTALL_SCRIPT='${INSTALL}'
INSTALL_STRIP_PROGRAM='$(install_sh) -c -s'
LD='/usr/bin/ld -m elf_x86_64'
LDFLAGS=''
LIBOBJS=''
LIBS=''
LIBTOOL='$(SHELL) $(top_builddir)/libtool'
LIBTOOL_DEPS='./ltmain.sh'
LIBTOOL_VERSION_INFO='-version-info 5:4:0'
LIPO=''
LN_S='ln -s'
LTLIBOBJS=''
LT_SYS_LIBRARY_PATH=''
MAKEINFO='${SHELL} /home/ahdhn/mcflow/gmm-5.4/missing makeinfo'
MANIFEST_TOOL=':'
MKDIR_P='/bin/mkdir -p'
NM='/usr/bin/nm -B'
NMEDIT=''
OBJDUMP='objdump'
OBJEXT='o'
OPENMP_CXXFLAGS=''
OTOOL64=''
OTOOL=''
PACKAGE='gmm'
PACKAGE_BUGREPORT=''
PACKAGE_NAME='gmm'
PACKAGE_STRING='gmm 5.4'
PACKAGE_TARNAME='gmm'
PACKAGE_URL=''
PACKAGE_VERSION='5.4'
PATH_SEPARATOR=':'
RANLIB='ranlib'
SED='/bin/sed'
SET_MAKE=''
SHELL='/bin/bash'
STRIP='strip'
SUPLDFLAGS=''
VERSION='5.4'
ac_ct_AR='ar'
ac_ct_CC='gcc'
ac_ct_CXX='g++'
ac_ct_DUMPBIN=''
am__EXEEXT_FALSE=''
am__EXEEXT_TRUE='#'
am__fastdepCC_FALSE='#'
am__fastdepCC_TRUE=''
am__fastdepCXX_FALSE='#'
am__fastdepCXX_TRUE=''
am__include='include'
am__isrc=''
am__leading_dot='.'
am__nodep='_no'
am__quote=''
am__tar='$${TAR-tar} chof - "$$tardir"'
am__untar='$${TAR-tar} xf -'
bindir='${exec_prefix}/bin'
build='x86_64-pc-linux-gnu'
build_alias=''
build_cpu='x86_64'
build_os='linux-gnu'
build_vendor='pc'
datadir='${datarootdir}'
datarootdir='${prefix}/share'
docdir='${datarootdir}/doc/${PACKAGE_TARNAME}'
dvidir='${docdir}'
exec_prefix='${prefix}'
host='x86_64-pc-linux-gnu'
host_alias=''
host_cpu='x86_64'
host_os='linux-gnu'
host_vendor='pc'
htmldir='${docdir}'
includedir='${prefix}/include'
infodir='${datarootdir}/info'
install_sh='${SHELL} /home/ahdhn/mcflow/gmm-5.4/install-sh'
libdir='${exec_prefix}/lib'
libexecdir='${exec_prefix}/libexec'
localedir='${datarootdir}/locale'
localstatedir='${prefix}/var'
mandir='${datarootdir}/man'
mkdir_p='$(MKDIR_P)'
oldincludedir='/usr/include'
pdfdir='${docdir}'
prefix='/home/ahdhn/mcflow/gmm-5.4/bin'
program_transform_name='s,x,x,'
psdir='${docdir}'
runstatedir='${localstatedir}/run'
sbindir='${exec_prefix}/sbin'
sharedstatedir='${prefix}/com'
sysconfdir='${prefix}/etc'
target_alias=''

## ----------- ##
## confdefs.h. ##
## ----------- ##

/* confdefs.h */
#define PACKAGE_NAME "gmm"
#define PACKAGE_TARNAME "gmm"
#define PACKAGE_VERSION "5.4"
#define PACKAGE_STRING "gmm 5.4"
#define PACKAGE_BUGREPORT ""
#define PACKAGE_URL ""
#define PACKAGE "gmm"
#define VERSION "5.4"
#define STDC_HEADERS 1
#define HAVE_SYS_TYPES_H 1
#define HAVE_SYS_STAT_H 1
#define HAVE_STDLIB_H 1
#define HAVE_STRING_H 1
#define HAVE_MEMORY_H 1
#define HAVE_STRINGS_H 1
#define HAVE_INTTYPES_H 1
#define HAVE_STDINT_H 1
#define HAVE_UNISTD_H 1
#define HAVE_DLFCN_H 1
#define LT_OBJDIR ".libs/"
#define HAVE_SYS_TIMES_H 1

configure: exit 0
